0 info it worked if it ends with ok
1 verbose cli [ '/Users/subrahmanyamb/.nvm/versions/node/v6.11.1/bin/node',
1 verbose cli   '/Users/subrahmanyamb/.nvm/versions/node/v6.11.1/bin/npm',
1 verbose cli   'run',
1 verbose cli   'build' ]
2 info using npm@3.10.10
3 info using node@v6.11.1
4 verbose run-script [ 'prebuild', 'build', 'postbuild' ]
5 info lifecycle faishon-desaign-client@0.0.1~prebuild: faishon-desaign-client@0.0.1
6 silly lifecycle faishon-desaign-client@0.0.1~prebuild: no script for prebuild, continuing
7 info lifecycle faishon-desaign-client@0.0.1~build: faishon-desaign-client@0.0.1
8 verbose lifecycle faishon-desaign-client@0.0.1~build: unsafe-perm in lifecycle true
9 verbose lifecycle faishon-desaign-client@0.0.1~build: PATH: /Users/subrahmanyamb/.nvm/versions/node/v6.11.1/lib/node_modules/npm/bin/node-gyp-bin:/Users/subrahmanyamb/workspace/subbu-personal/faishonart-client/node_modules/.bin:/Users/subrahmanyamb/.nvm/versions/node/v6.11.1/bin:/usr/local/mysql/bin:/Users/subrahmanyamb/.rvm/gems/ruby-2.2.3@helpkit_gemset/bin:/Users/subrahmanyamb/.rvm/gems/ruby-2.2.3@global/bin:/Users/subrahmanyamb/.rvm/rubies/ruby-2.2.3/bin:/usr/local/bin:/usr/bin:/bin:/usr/sbin:/sbin:/Users/subrahmanyamb/.rvm/bin
10 verbose lifecycle faishon-desaign-client@0.0.1~build: CWD: /Users/subrahmanyamb/workspace/subbu-personal/faishonart-client
11 silly lifecycle faishon-desaign-client@0.0.1~build: Args: [ '-c', 'ng build --prod' ]
12 silly lifecycle faishon-desaign-client@0.0.1~build: Returned: code: 3  signal: null
13 info lifecycle faishon-desaign-client@0.0.1~build: Failed to exec build script
14 verbose stack Error: faishon-desaign-client@0.0.1 build: `ng build --prod`
14 verbose stack Exit status 3
14 verbose stack     at EventEmitter.<anonymous> (/Users/subrahmanyamb/.nvm/versions/node/v6.11.1/lib/node_modules/npm/lib/utils/lifecycle.js:255:16)
14 verbose stack     at emitTwo (events.js:106:13)
14 verbose stack     at EventEmitter.emit (events.js:191:7)
14 verbose stack     at ChildProcess.<anonymous> (/Users/subrahmanyamb/.nvm/versions/node/v6.11.1/lib/node_modules/npm/lib/utils/spawn.js:40:14)
14 verbose stack     at emitTwo (events.js:106:13)
14 verbose stack     at ChildProcess.emit (events.js:191:7)
14 verbose stack     at maybeClose (internal/child_process.js:891:16)
14 verbose stack     at Process.ChildProcess._handle.onexit (internal/child_process.js:226:5)
15 verbose pkgid faishon-desaign-client@0.0.1
16 verbose cwd /Users/subrahmanyamb/workspace/subbu-personal/faishonart-client
17 error Darwin 17.5.0
18 error argv "/Users/subrahmanyamb/.nvm/versions/node/v6.11.1/bin/node" "/Users/subrahmanyamb/.nvm/versions/node/v6.11.1/bin/npm" "run" "build"
19 error node v6.11.1
20 error npm  v3.10.10
21 error code ELIFECYCLE
22 error faishon-desaign-client@0.0.1 build: `ng build --prod`
22 error Exit status 3
23 error Failed at the faishon-desaign-client@0.0.1 build script 'ng build --prod'.
23 error Make sure you have the latest version of node.js and npm installed.
23 error If you do, this is most likely a problem with the faishon-desaign-client package,
23 error not with npm itself.
23 error Tell the author that this fails on your system:
23 error     ng build --prod
23 error You can get information on how to open an issue for this project with:
23 error     npm bugs faishon-desaign-client
23 error Or if that isn't available, you can get their info via:
23 error     npm owner ls faishon-desaign-client
23 error There is likely additional logging output above.
24 verbose exit [ 1, true ]
